<?xml version="1.0" encoding="UTF-8"?>
<testng-results ignored="0" total="2" passed="2" failed="0" skipped="0">
  <reporter-output>
    <line>
      <![CDATA[setting up report and test is getting ready  ]]>
    </line>
    <line>
      <![CDATA[Setting Done - Test can be started  ]]>
    </line>
    <line>
      <![CDATA[Tring to start browser and application is ready ]]>
    </line>
    <line>
      <![CDATA[Browser and application is running ]]>
    </line>
    <line>
      <![CDATA[Test is about to end  ]]>
    </line>
    <line>
      <![CDATA[Test Completed >> Report generated ]]>
    </line>
    <line>
      <![CDATA[Test is about to end  ]]>
    </line>
    <line>
      <![CDATA[Test Completed >> Report generated ]]>
    </line>
  </reporter-output>
  <suite started-at="2020-08-31T16:56:44Z" name="Suite" finished-at="2020-08-31T16:58:06Z" duration-ms="81923">
    <groups>
    </groups>
    <test started-at="2020-08-31T16:56:44Z" name="Test" finished-at="2020-08-31T16:58:06Z" duration-ms="81923">
      <class name="com.learnautomation.testcases.LoginTestCRM">
        <test-method is-config="true" signature="setUpSuite()[pri:0, instance:com.learnautomation.testcases.LoginTestCRM@20bd8be5]" started-at="2020-08-31T16:56:40Z" name="setUpSuite" finished-at="2020-08-31T16:56:44Z" duration-ms="3979" status="PASS">
          <reporter-output>
            <line>
              <![CDATA[setting up report and test is getting ready  ]]>
            </line>
            <line>
              <![CDATA[Setting Done - Test can be started  ]]>
            </line>
          </reporter-output>
        </test-method> <!-- setUpSuite -->
        <test-method is-config="true" signature="setup()[pri:0, instance:com.learnautomation.testcases.LoginTestCRM@20bd8be5]" started-at="2020-08-31T16:56:44Z" name="setup" finished-at="2020-08-31T16:57:34Z" duration-ms="49798" status="PASS">
          <reporter-output>
            <line>
              <![CDATA[Tring to start browser and application is ready ]]>
            </line>
            <line>
              <![CDATA[Browser and application is running ]]>
            </line>
          </reporter-output>
        </test-method> <!-- setup -->
        <test-method signature="loginApp()[pri:1, instance:com.learnautomation.testcases.LoginTestCRM@20bd8be5]" started-at="2020-08-31T16:57:34Z" name="loginApp" finished-at="2020-08-31T16:57:49Z" duration-ms="15796" status="PASS">
          <reporter-output>
          </reporter-output>
        </test-method> <!-- loginApp -->
        <test-method is-config="true" signature="tearDownMethod(org.testng.ITestResult)[pri:0, instance:com.learnautomation.testcases.LoginTestCRM@20bd8be5]" started-at="2020-08-31T16:57:49Z" name="tearDownMethod" finished-at="2020-08-31T16:58:01Z" duration-ms="11682" status="PASS">
          <params>
            <param index="0">
              <value>
                <![CDATA[[TestResult name=loginApp status=SUCCESS method=LoginTestCRM.loginApp()[pri:1, instance:com.learnautomation.testcases.LoginTestCRM@20bd8be5] output={null}]]]>
              </value>
            </param>
          </params>
          <reporter-output>
            <line>
              <![CDATA[Test is about to end  ]]>
            </line>
            <line>
              <![CDATA[Test Completed >> Report generated ]]>
            </line>
          </reporter-output>
        </test-method> <!-- tearDownMethod -->
        <test-method signature="loginApp1()[pri:2, instance:com.learnautomation.testcases.LoginTestCRM@20bd8be5]" started-at="2020-08-31T16:58:01Z" name="loginApp1" finished-at="2020-08-31T16:58:01Z" duration-ms="8" status="PASS">
          <reporter-output>
          </reporter-output>
        </test-method> <!-- loginApp1 -->
        <test-method is-config="true" signature="tearDownMethod(org.testng.ITestResult)[pri:0, instance:com.learnautomation.testcases.LoginTestCRM@20bd8be5]" started-at="2020-08-31T16:58:01Z" name="tearDownMethod" finished-at="2020-08-31T16:58:04Z" duration-ms="2797" status="PASS">
          <params>
            <param index="0">
              <value>
                <![CDATA[[TestResult name=loginApp1 status=SUCCESS method=LoginTestCRM.loginApp1()[pri:2, instance:com.learnautomation.testcases.LoginTestCRM@20bd8be5] output={null}]]]>
              </value>
            </param>
          </params>
          <reporter-output>
            <line>
              <![CDATA[Test is about to end  ]]>
            </line>
            <line>
              <![CDATA[Test Completed >> Report generated ]]>
            </line>
          </reporter-output>
        </test-method> <!-- tearDownMethod -->
        <test-method is-config="true" signature="teardown()[pri:0, instance:com.learnautomation.testcases.LoginTestCRM@20bd8be5]" started-at="2020-08-31T16:58:04Z" name="teardown" finished-at="2020-08-31T16:58:06Z" duration-ms="1721" status="PASS">
          <reporter-output>
          </reporter-output>
        </test-method> <!-- teardown -->
      </class> <!-- com.learnautomation.testcases.LoginTestCRM -->
    </test> <!-- Test -->
  </suite> <!-- Suite -->
</testng-results>
